{
  "RSpec": {
    "coverage": {
      "/Users/Andela-023/code/buckit/config/environment.rb": [
        null,
        1,
        null,
        null,
        1
      ],
      "/Users/Andela-023/code/buckit/config/application.rb": [
        1,
        null,
        1,
        null,
        null,
        null,
        1,
        null,
        1,
        1,
        null,
        null,
        null,
        null,
        null
      ],
      "/Users/Andela-023/code/buckit/config/boot.rb": [
        1,
        null,
        1
      ],
      "/Users/Andela-023/code/buckit/config/environments/test.rb": [
        1,
        null,
        null,
        null,
        null,
        null,
        null,
        1,
        null,
        null,
        null,
        null,
        1,
        null,
        null,
        1,
        1,
        null,
        null,
        null,
        null,
        1,
        1,
        null,
        null,
        1,
        null,
        null,
        1,
        1,
        null,
        null,
        null,
        null,
        1,
        null,
        null,
        1,
        null,
        null,
        null,
        null
      ],
      "/Users/Andela-023/code/buckit/config/initializers/application_controller_renderer.rb": [
        null,
        null,
        null,
        null,
        null,
        null
      ],
      "/Users/Andela-023/code/buckit/config/initializers/assets.rb": [
        null,
        null,
        null,
        1,
        null,
        null,
        null,
        null,
        null,
        null,
        null
      ],
      "/Users/Andela-023/code/buckit/config/initializers/backtrace_silencers.rb": [
        null,
        null,
        null,
        null,
        null,
        null,
        null
      ],
      "/Users/Andela-023/code/buckit/config/initializers/cookies_serializer.rb": [
        null,
        null,
        null,
        null,
        1
      ],
      "/Users/Andela-023/code/buckit/config/initializers/filter_parameter_logging.rb": [
        null,
        null,
        null,
        1
      ],
      "/Users/Andela-023/code/buckit/config/initializers/inflections.rb": [
        null,
        null,
        null,
        null,
        null,
        null,
        null,
        null,
        null,
        null,
        null,
        null,
        null,
        null,
        null,
        null
      ],
      "/Users/Andela-023/code/buckit/config/initializers/mime_types.rb": [
        null,
        null,
        null,
        null
      ],
      "/Users/Andela-023/code/buckit/config/initializers/new_framework_defaults.rb": [
        null,
        null,
        null,
        null,
        null,
        null,
        null,
        1,
        null,
        null,
        1,
        null,
        null,
        null,
        1,
        null,
        null,
        1,
        null,
        null,
        1,
        null,
        null,
        1
      ],
      "/Users/Andela-023/code/buckit/config/initializers/session_store.rb": [
        null,
        null,
        1
      ],
      "/Users/Andela-023/code/buckit/config/initializers/wrap_parameters.rb": [
        null,
        null,
        null,
        null,
        null,
        null,
        1,
        2,
        null,
        null,
        null,
        null,
        null,
        null
      ],
      "/Users/Andela-023/code/buckit/app/helpers/api/v1/lists_helper.rb": [
        1,
        null
      ],
      "/Users/Andela-023/code/buckit/app/controllers/concerns/application_helper.rb": [
        1,
        1,
        null,
        1,
        6,
        6,
        null,
        null,
        1,
        7,
        5,
        null,
        2,
        2,
        null,
        7,
        null,
        null
      ],
      "/Users/Andela-023/code/buckit/app/controllers/concerns/messages.rb": [
        1,
        1,
        1,
        null,
        null,
        1,
        2,
        null,
        null,
        1,
        2,
        null,
        null,
        1,
        6,
        null,
        null,
        1,
        1,
        null,
        null
      ],
      "/Users/Andela-023/code/buckit/app/helpers/home_helper.rb": [
        1,
        null
      ],
      "/Users/Andela-023/code/buckit/app/helpers/sessions_helper.rb": [
        1,
        1,
        14,
        null,
        null,
        1,
        0,
        null,
        null
      ],
      "/Users/Andela-023/code/buckit/app/helpers/users_helper.rb": [
        1,
        null
      ],
      "/Users/Andela-023/code/buckit/spec/factories/lists.rb": [
        1,
        1,
        1,
        1,
        null,
        1,
        1,
        1,
        null,
        null,
        1,
        1,
        1,
        null,
        null,
        null
      ],
      "/Users/Andela-023/code/buckit/spec/factories/users.rb": [
        1,
        1,
        1,
        1,
        1,
        null,
        null,
        1,
        1,
        1,
        null,
        null,
        1,
        1,
        1,
        null,
        null
      ],
      "/Users/Andela-023/code/buckit/config/routes.rb": [
        1,
        1,
        null,
        1,
        null,
        1,
        1,
        1,
        null,
        1,
        null,
        null,
        1,
        1,
        1,
        null,
        null,
        1,
        1,
        1,
        null,
        null
      ],
      "/Users/Andela-023/code/buckit/spec/support/messages_helper.rb": [
        1,
        1,
        1,
        null,
        null,
        1,
        1,
        null,
        null,
        1,
        1,
        null,
        null,
        1,
        3,
        null,
        null,
        1,
        0,
        null,
        null,
        1,
        5,
        null,
        null
      ],
      "/Users/Andela-023/code/buckit/spec/support/requests_helper.rb": [
        1,
        1,
        1,
        13,
        null,
        null,
        null
      ],
      "/Users/Andela-023/code/buckit/spec/support/shared/doorkeeper_oauth.rb": [
        1,
        40,
        null,
        16,
        24,
        62,
        null,
        null,
        null
      ],
      "/Users/Andela-023/code/buckit/spec/support/shared/invalid_parameters.rb": [
        1,
        2,
        null,
        2,
        2,
        2,
        null,
        2,
        null,
        null
      ],
      "/Users/Andela-023/code/buckit/spec/support/shared/invalid_route.rb": [
        1,
        5,
        null,
        5,
        10,
        null,
        null,
        5,
        5,
        null,
        null,
        5,
        5,
        null,
        null
      ],
      "/Users/Andela-023/code/buckit/spec/support/shared/missing_parameters.rb": [
        1,
        3,
        null,
        3,
        6,
        null,
        null,
        3,
        3,
        null,
        null,
        3,
        3,
        null,
        null
      ],
      "/Users/Andela-023/code/buckit/spec/support/shared/unauthorized.rb": [
        1,
        5,
        5,
        5,
        null,
        5,
        null,
        null
      ],
      "/Users/Andela-023/code/buckit/app/controllers/home_controller.rb": [
        1,
        null
      ],
      "/Users/Andela-023/code/buckit/app/controllers/application_controller.rb": [
        1,
        1,
        null
      ],
      "/Users/Andela-023/code/buckit/spec/controllers/sessions_controller_spec.rb": [
        1,
        null,
        1,
        2,
        null,
        1,
        1,
        1,
        1,
        null,
        1,
        null,
        null,
        null,
        1,
        1,
        1,
        null,
        null,
        null,
        1,
        1,
        null,
        null,
        null,
        null,
        1,
        3,
        null,
        1,
        1,
        null,
        null,
        1,
        1,
        null,
        null,
        null
      ],
      "/Users/Andela-023/code/buckit/app/controllers/sessions_controller.rb": [
        1,
        1,
        1,
        null,
        1,
        2,
        2,
        1,
        null,
        1,
        2,
        null,
        null,
        null,
        null,
        1,
        2,
        null,
        null
      ],
      "/Users/Andela-023/code/buckit/app/controllers/concerns/sessions.rb": [
        1,
        1,
        null,
        1,
        1,
        1,
        null,
        null,
        1,
        2,
        2,
        2,
        null,
        null
      ],
      "/Users/Andela-023/code/buckit/spec/controllers/users_controller_spec.rb": [
        1,
        null,
        1,
        1,
        1,
        1,
        null,
        1,
        null,
        null,
        null,
        1,
        1,
        3,
        null,
        1,
        1,
        null,
        null,
        1,
        1,
        1,
        null,
        null,
        null,
        1,
        1,
        1,
        null,
        1,
        null,
        null,
        null,
        null
      ],
      "/Users/Andela-023/code/buckit/app/controllers/users_controller.rb": [
        1,
        1,
        1,
        null,
        1,
        null,
        null,
        1,
        3,
        3,
        2,
        null,
        1,
        null,
        null,
        null,
        1,
        null,
        1,
        3,
        null,
        null
      ],
      "/Users/Andela-023/code/buckit/spec/helpers/api/v1/lists_helper_spec.rb": [
        1,
        null,
        null,
        null,
        null,
        null,
        null,
        null,
        null,
        null,
        null,
        null,
        1,
        null
      ],
      "/Users/Andela-023/code/buckit/spec/helpers/home_helper_spec.rb": [
        1,
        null,
        1,
        null
      ],
      "/Users/Andela-023/code/buckit/spec/helpers/sessions_helper_spec.rb": [
        1,
        null,
        null,
        null,
        null,
        null,
        null,
        null,
        null,
        null,
        null,
        null,
        1,
        null
      ],
      "/Users/Andela-023/code/buckit/spec/helpers/users_helper_spec.rb": [
        1,
        null,
        1,
        null
      ],
      "/Users/Andela-023/code/buckit/spec/models/list_spec.rb": [
        1,
        null,
        1,
        null
      ],
      "/Users/Andela-023/code/buckit/app/models/list.rb": [
        1,
        1,
        null,
        1,
        null
      ],
      "/Users/Andela-023/code/buckit/app/models/application_record.rb": [
        1,
        1,
        null
      ],
      "/Users/Andela-023/code/buckit/spec/models/user_spec.rb": [
        1,
        null,
        1,
        1,
        2,
        null,
        null,
        1,
        2,
        2,
        2,
        2,
        2,
        2,
        null,
        null
      ],
      "/Users/Andela-023/code/buckit/app/models/user.rb": [
        1,
        1,
        1,
        null,
        1,
        null,
        1,
        null,
        null,
        null,
        null,
        1,
        null,
        null,
        null,
        null
      ],
      "/Users/Andela-023/code/buckit/spec/requests/api/v1/lists/all_lists_spec.rb": [
        1,
        null,
        1,
        1,
        1,
        5,
        5,
        null,
        null,
        1,
        1,
        null,
        null,
        1,
        1,
        null,
        1,
        1,
        null,
        1,
        1,
        null,
        null,
        null,
        1,
        1,
        null,
        1,
        1,
        1,
        null,
        1,
        null,
        null,
        null,
        1,
        1,
        null,
        null,
        null
      ],
      "/Users/Andela-023/code/buckit/spec/requests/api/v1/lists/create_list_spec.rb": [
        1,
        null,
        1,
        1,
        1,
        1,
        null,
        null,
        1,
        1,
        null,
        1,
        1,
        null,
        1,
        1,
        1,
        null,
        null,
        null,
        1,
        1,
        null,
        null,
        1,
        1,
        null,
        null,
        null
      ],
      "/Users/Andela-023/code/buckit/spec/requests/api/v1/lists/delete_list_spec.rb": [
        1,
        null,
        1,
        1,
        7,
        null,
        1,
        1,
        null,
        null,
        1,
        1,
        null,
        1,
        1,
        null,
        1,
        1,
        null,
        null,
        null,
        1,
        1,
        null,
        null,
        1,
        1,
        null,
        null,
        null
      ],
      "/Users/Andela-023/code/buckit/spec/requests/api/v1/lists/show_list_spec.rb": [
        1,
        null,
        1,
        1,
        7,
        null,
        1,
        1,
        null,
        null,
        1,
        1,
        null,
        1,
        1,
        null,
        1,
        1,
        null,
        null,
        null,
        1,
        1,
        null,
        null,
        1,
        1,
        null,
        null,
        null
      ],
      "/Users/Andela-023/code/buckit/spec/requests/api/v1/lists/update_list_spec.rb": [
        1,
        null,
        1,
        1,
        8,
        null,
        1,
        1,
        null,
        null,
        1,
        1,
        null,
        1,
        1,
        null,
        null,
        null,
        1,
        1,
        null,
        null,
        null,
        1,
        1,
        null,
        null,
        1,
        1,
        null,
        null,
        1,
        1,
        null,
        null,
        null
      ],
      "/Users/Andela-023/code/buckit/app/controllers/api/v1/lists_controller.rb": [
        1,
        1,
        1,
        1,
        null,
        1,
        null,
        1,
        2,
        2,
        1,
        1,
        null,
        null,
        1,
        2,
        2,
        2,
        null,
        null,
        1,
        2,
        null,
        null,
        1,
        1,
        null,
        null,
        1,
        1,
        null,
        null,
        1,
        null,
        1,
        4,
        null,
        null,
        1,
        10,
        10,
        6,
        null,
        null,
        null,
        null,
        null,
        null
      ],
      "/Users/Andela-023/code/buckit/app/controllers/api/api_controller.rb": [
        1,
        1,
        1,
        null,
        1,
        null,
        1,
        10,
        null,
        null,
        1,
        5,
        null,
        null,
        null
      ]
    },
    "timestamp": 1477038767
  }
}
